  General.cpp
  SolarSystemScene.cpp
  Scene.cpp
  Main.cpp
E:\_Ricks\c++\wxWidgets\3.1.3\wxWidgets-3.1.3\include\wx\wxcrt.h(209,14): error C4996: 'strcpy': This function or variable may be unsafe. Consider using strcpy_s instead. To disable deprecation, use _CRT_SECURE_NO_WARNINGS. See online help for details.
E:\_Ricks\c++\wxWidgets\3.1.3\wxWidgets-3.1.3\include\wx\wxcrt.h(211,14): error C4996: 'wcscpy': This function or variable may be unsafe. Consider using wcscpy_s instead. To disable deprecation, use _CRT_SECURE_NO_WARNINGS. See online help for details.
E:\_Ricks\c++\wxWidgets\3.1.3\wxWidgets-3.1.3\include\wx\wxcrt.h(213,14): error C4996: 'strcpy': This function or variable may be unsafe. Consider using strcpy_s instead. To disable deprecation, use _CRT_SECURE_NO_WARNINGS. See online help for details.
E:\_Ricks\c++\wxWidgets\3.1.3\wxWidgets-3.1.3\include\wx\wxcrt.h(215,14): error C4996: 'strcpy': This function or variable may be unsafe. Consider using strcpy_s instead. To disable deprecation, use _CRT_SECURE_NO_WARNINGS. See online help for details.
E:\_Ricks\c++\wxWidgets\3.1.3\wxWidgets-3.1.3\include\wx\wxcrt.h(217,14): error C4996: 'strcpy': This function or variable may be unsafe. Consider using strcpy_s instead. To disable deprecation, use _CRT_SECURE_NO_WARNINGS. See online help for details.
E:\_Ricks\c++\wxWidgets\3.1.3\wxWidgets-3.1.3\include\wx\wxcrt.h(219,14): error C4996: 'wcscpy': This function or variable may be unsafe. Consider using wcscpy_s instead. To disable deprecation, use _CRT_SECURE_NO_WARNINGS. See online help for details.
E:\_Ricks\c++\wxWidgets\3.1.3\wxWidgets-3.1.3\include\wx\wxcrt.h(221,14): error C4996: 'wcscpy': This function or variable may be unsafe. Consider using wcscpy_s instead. To disable deprecation, use _CRT_SECURE_NO_WARNINGS. See online help for details.
E:\_Ricks\c++\wxWidgets\3.1.3\wxWidgets-3.1.3\include\wx\wxcrt.h(223,14): error C4996: 'wcscpy': This function or variable may be unsafe. Consider using wcscpy_s instead. To disable deprecation, use _CRT_SECURE_NO_WARNINGS. See online help for details.
E:\_Ricks\c++\wxWidgets\3.1.3\wxWidgets-3.1.3\include\wx\wxcrt.h(225,14): error C4996: 'strcpy': This function or variable may be unsafe. Consider using strcpy_s instead. To disable deprecation, use _CRT_SECURE_NO_WARNINGS. See online help for details.
E:\_Ricks\c++\wxWidgets\3.1.3\wxWidgets-3.1.3\include\wx\wxcrt.h(227,14): error C4996: 'wcscpy': This function or variable may be unsafe. Consider using wcscpy_s instead. To disable deprecation, use _CRT_SECURE_NO_WARNINGS. See online help for details.
E:\_Ricks\c++\wxWidgets\3.1.3\wxWidgets-3.1.3\include\wx\wxcrt.h(230,14): error C4996: 'strncpy': This function or variable may be unsafe. Consider using strncpy_s instead. To disable deprecation, use _CRT_SECURE_NO_WARNINGS. See online help for details.
E:\_Ricks\c++\wxWidgets\3.1.3\wxWidgets-3.1.3\include\wx\wxcrt.h(232,14): error C4996: 'wcsncpy': This function or variable may be unsafe. Consider using wcsncpy_s instead. To disable deprecation, use _CRT_SECURE_NO_WARNINGS. See online help for details.
E:\_Ricks\c++\wxWidgets\3.1.3\wxWidgets-3.1.3\include\wx\wxcrt.h(234,14): error C4996: 'strncpy': This function or variable may be unsafe. Consider using strncpy_s instead. To disable deprecation, use _CRT_SECURE_NO_WARNINGS. See online help for details.
E:\_Ricks\c++\wxWidgets\3.1.3\wxWidgets-3.1.3\include\wx\wxcrt.h(236,14): error C4996: 'strncpy': This function or variable may be unsafe. Consider using strncpy_s instead. To disable deprecation, use _CRT_SECURE_NO_WARNINGS. See online help for details.
E:\_Ricks\c++\wxWidgets\3.1.3\wxWidgets-3.1.3\include\wx\wxcrt.h(238,14): error C4996: 'strncpy': This function or variable may be unsafe. Consider using strncpy_s instead. To disable deprecation, use _CRT_SECURE_NO_WARNINGS. See online help for details.
E:\_Ricks\c++\wxWidgets\3.1.3\wxWidgets-3.1.3\include\wx\wxcrt.h(240,14): error C4996: 'wcsncpy': This function or variable may be unsafe. Consider using wcsncpy_s instead. To disable deprecation, use _CRT_SECURE_NO_WARNINGS. See online help for details.
E:\_Ricks\c++\wxWidgets\3.1.3\wxWidgets-3.1.3\include\wx\wxcrt.h(242,14): error C4996: 'wcsncpy': This function or variable may be unsafe. Consider using wcsncpy_s instead. To disable deprecation, use _CRT_SECURE_NO_WARNINGS. See online help for details.
E:\_Ricks\c++\wxWidgets\3.1.3\wxWidgets-3.1.3\include\wx\wxcrt.h(244,14): error C4996: 'wcsncpy': This function or variable may be unsafe. Consider using wcsncpy_s instead. To disable deprecation, use _CRT_SECURE_NO_WARNINGS. See online help for details.
E:\_Ricks\c++\wxWidgets\3.1.3\wxWidgets-3.1.3\include\wx\wxcrt.h(246,14): error C4996: 'strncpy': This function or variable may be unsafe. Consider using strncpy_s instead. To disable deprecation, use _CRT_SECURE_NO_WARNINGS. See online help for details.
E:\_Ricks\c++\wxWidgets\3.1.3\wxWidgets-3.1.3\include\wx\wxcrt.h(248,14): error C4996: 'wcsncpy': This function or variable may be unsafe. Consider using wcsncpy_s instead. To disable deprecation, use _CRT_SECURE_NO_WARNINGS. See online help for details.
E:\_Ricks\c++\wxWidgets\3.1.3\wxWidgets-3.1.3\include\wx\wxcrt.h(281,14): error C4996: 'strcat': This function or variable may be unsafe. Consider using strcat_s instead. To disable deprecation, use _CRT_SECURE_NO_WARNINGS. See online help for details.
E:\_Ricks\c++\wxWidgets\3.1.3\wxWidgets-3.1.3\include\wx\wxcrt.h(283,14): error C4996: 'wcscat': This function or variable may be unsafe. Consider using wcscat_s instead. To disable deprecation, use _CRT_SECURE_NO_WARNINGS. See online help for details.
E:\_Ricks\c++\wxWidgets\3.1.3\wxWidgets-3.1.3\include\wx\wxcrt.h(285,14): error C4996: 'strcat': This function or variable may be unsafe. Consider using strcat_s instead. To disable deprecation, use _CRT_SECURE_NO_WARNINGS. See online help for details.
E:\_Ricks\c++\wxWidgets\3.1.3\wxWidgets-3.1.3\include\wx\wxcrt.h(287,14): error C4996: 'strcat': This function or variable may be unsafe. Consider using strcat_s instead. To disable deprecation, use _CRT_SECURE_NO_WARNINGS. See online help for details.
E:\_Ricks\c++\wxWidgets\3.1.3\wxWidgets-3.1.3\include\wx\wxcrt.h(289,14): error C4996: 'strcat': This function or variable may be unsafe. Consider using strcat_s instead. To disable deprecation, use _CRT_SECURE_NO_WARNINGS. See online help for details.
E:\_Ricks\c++\wxWidgets\3.1.3\wxWidgets-3.1.3\include\wx\wxcrt.h(291,14): error C4996: 'wcscat': This function or variable may be unsafe. Consider using wcscat_s instead. To disable deprecation, use _CRT_SECURE_NO_WARNINGS. See online help for details.
E:\_Ricks\c++\wxWidgets\3.1.3\wxWidgets-3.1.3\include\wx\wxcrt.h(293,14): error C4996: 'wcscat': This function or variable may be unsafe. Consider using wcscat_s instead. To disable deprecation, use _CRT_SECURE_NO_WARNINGS. See online help for details.
E:\_Ricks\c++\wxWidgets\3.1.3\wxWidgets-3.1.3\include\wx\wxcrt.h(295,14): error C4996: 'wcscat': This function or variable may be unsafe. Consider using wcscat_s instead. To disable deprecation, use _CRT_SECURE_NO_WARNINGS. See online help for details.
E:\_Ricks\c++\wxWidgets\3.1.3\wxWidgets-3.1.3\include\wx\wxcrt.h(297,14): error C4996: 'strcat': This function or variable may be unsafe. Consider using strcat_s instead. To disable deprecation, use _CRT_SECURE_NO_WARNINGS. See online help for details.
E:\_Ricks\c++\wxWidgets\3.1.3\wxWidgets-3.1.3\include\wx\wxcrt.h(299,14): error C4996: 'wcscat': This function or variable may be unsafe. Consider using wcscat_s instead. To disable deprecation, use _CRT_SECURE_NO_WARNINGS. See online help for details.
E:\_Ricks\c++\wxWidgets\3.1.3\wxWidgets-3.1.3\include\wx\wxcrt.h(302,14): error C4996: 'strncat': This function or variable may be unsafe. Consider using strncat_s instead. To disable deprecation, use _CRT_SECURE_NO_WARNINGS. See online help for details.
E:\_Ricks\c++\wxWidgets\3.1.3\wxWidgets-3.1.3\include\wx\wxcrt.h(304,14): error C4996: 'wcsncat': This function or variable may be unsafe. Consider using wcsncat_s instead. To disable deprecation, use _CRT_SECURE_NO_WARNINGS. See online help for details.
E:\_Ricks\c++\wxWidgets\3.1.3\wxWidgets-3.1.3\include\wx\wxcrt.h(306,14): error C4996: 'strncat': This function or variable may be unsafe. Consider using strncat_s instead. To disable deprecation, use _CRT_SECURE_NO_WARNINGS. See online help for details.
E:\_Ricks\c++\wxWidgets\3.1.3\wxWidgets-3.1.3\include\wx\wxcrt.h(308,14): error C4996: 'strncat': This function or variable may be unsafe. Consider using strncat_s instead. To disable deprecation, use _CRT_SECURE_NO_WARNINGS. See online help for details.
E:\_Ricks\c++\wxWidgets\3.1.3\wxWidgets-3.1.3\include\wx\wxcrt.h(310,14): error C4996: 'strncat': This function or variable may be unsafe. Consider using strncat_s instead. To disable deprecation, use _CRT_SECURE_NO_WARNINGS. See online help for details.
E:\_Ricks\c++\wxWidgets\3.1.3\wxWidgets-3.1.3\include\wx\wxcrt.h(312,14): error C4996: 'wcsncat': This function or variable may be unsafe. Consider using wcsncat_s instead. To disable deprecation, use _CRT_SECURE_NO_WARNINGS. See online help for details.
E:\_Ricks\c++\wxWidgets\3.1.3\wxWidgets-3.1.3\include\wx\wxcrt.h(314,14): error C4996: 'wcsncat': This function or variable may be unsafe. Consider using wcsncat_s instead. To disable deprecation, use _CRT_SECURE_NO_WARNINGS. See online help for details.
E:\_Ricks\c++\wxWidgets\3.1.3\wxWidgets-3.1.3\include\wx\wxcrt.h(316,14): error C4996: 'wcsncat': This function or variable may be unsafe. Consider using wcsncat_s instead. To disable deprecation, use _CRT_SECURE_NO_WARNINGS. See online help for details.
E:\_Ricks\c++\wxWidgets\3.1.3\wxWidgets-3.1.3\include\wx\wxcrt.h(318,14): error C4996: 'strncat': This function or variable may be unsafe. Consider using strncat_s instead. To disable deprecation, use _CRT_SECURE_NO_WARNINGS. See online help for details.
E:\_Ricks\c++\wxWidgets\3.1.3\wxWidgets-3.1.3\include\wx\wxcrt.h(320,14): error C4996: 'wcsncat': This function or variable may be unsafe. Consider using wcsncat_s instead. To disable deprecation, use _CRT_SECURE_NO_WARNINGS. See online help for details.
E:\_Ricks\c++\wxWidgets\3.1.3\wxWidgets-3.1.3\include\wx\wxcrt.h(753,14): error C4996: '_wfopen': This function or variable may be unsafe. Consider using _wfopen_s instead. To disable deprecation, use _CRT_SECURE_NO_WARNINGS. See online help for details.
E:\_Ricks\c++\wxWidgets\3.1.3\wxWidgets-3.1.3\include\wx\wxcrt.h(755,14): error C4996: '_wfreopen': This function or variable may be unsafe. Consider using _wfreopen_s instead. To disable deprecation, use _CRT_SECURE_NO_WARNINGS. See online help for details.
E:\_Ricks\c++\wxWidgets\3.1.3\wxWidgets-3.1.3\include\wx\wxcrt.h(920,50): error C4996: 'getenv': This function or variable may be unsafe. Consider using _dupenv_s instead. To disable deprecation, use _CRT_SECURE_NO_WARNINGS. See online help for details.
E:\_Ricks\c++\wxWidgets\3.1.3\wxWidgets-3.1.3\include\wx\wxcrt.h(921,56): error C4996: '_wgetenv': This function or variable may be unsafe. Consider using _wdupenv_s instead. To disable deprecation, use _CRT_SECURE_NO_WARNINGS. See online help for details.
E:\_Ricks\c++\wxWidgets\3.1.3\wxWidgets-3.1.3\include\wx\wxcrt.h(922,54): error C4996: 'getenv': This function or variable may be unsafe. Consider using _dupenv_s instead. To disable deprecation, use _CRT_SECURE_NO_WARNINGS. See online help for details.
E:\_Ricks\c++\wxWidgets\3.1.3\wxWidgets-3.1.3\include\wx\wxcrt.h(923,56): error C4996: 'getenv': This function or variable may be unsafe. Consider using _dupenv_s instead. To disable deprecation, use _CRT_SECURE_NO_WARNINGS. See online help for details.
E:\_Ricks\c++\wxWidgets\3.1.3\wxWidgets-3.1.3\include\wx\wxcrt.h(924,64): error C4996: 'getenv': This function or variable may be unsafe. Consider using _dupenv_s instead. To disable deprecation, use _CRT_SECURE_NO_WARNINGS. See online help for details.
E:\_Ricks\c++\wxWidgets\3.1.3\wxWidgets-3.1.3\include\wx\wxcrt.h(925,68): error C4996: '_wgetenv': This function or variable may be unsafe. Consider using _wdupenv_s instead. To disable deprecation, use _CRT_SECURE_NO_WARNINGS. See online help for details.
E:\_Ricks\c++\wxWidgets\3.1.3\wxWidgets-3.1.3\include\wx\filefn.h(443,14): error C4996: '_wopen': This function or variable may be unsafe. Consider using _wsopen_s instead. To disable deprecation, use _CRT_SECURE_NO_WARNINGS. See online help for details.
  Generating Code...
