  Main.cpp
Main.obj : error LNK2001: unresolved external symbol "public: static unsigned __int64 const wxString::npos" (?npos@wxString@@2_KB)
Main.obj : error LNK2001: unresolved external symbol "void (__cdecl* wxTheAssertHandler)(class wxString const &,int,class wxString const &,class wxString const &,class wxString const &)" (?wxTheAssertHandler@@3P6AXAEBVwxString@@H000@ZEA)
Main.obj : error LNK2001: unresolved external symbol "protected: static class wxAppConsole * wxAppConsoleBase::ms_appInstance" (?ms_appInstance@wxAppConsoleBase@@1PEAVwxAppConsole@@EA)
Main.obj : error LNK2001: unresolved external symbol "class wxEventTypeTag<class wxCommandEvent> const wxEVT_MENU" (?wxEVT_MENU@@3V?$wxEventTypeTag@VwxCommandEvent@@@@B)
Main.obj : error LNK2001: unresolved external symbol "char const * const wxFrameNameStr" (?wxFrameNameStr@@3QBDB)
Main.obj : error LNK2001: unresolved external symbol "class wxMBConv * wxConvLibcPtr" (?wxConvLibcPtr@@3PEAVwxMBConv@@EA)
Main.obj : error LNK2001: unresolved external symbol "char const * const wxLOG_COMPONENT" (?wxLOG_COMPONENT@@3PEBDEB)
Main.obj : error LNK2001: unresolved external symbol "protected: static struct wxEventTable const wxFrame::sm_eventTable" (?sm_eventTable@wxFrame@@1UwxEventTable@@B)
Main.obj : error LNK2001: unresolved external symbol "int const wxEVT_NULL" (?wxEVT_NULL@@3HB)
Main.obj : error LNK2001: unresolved external symbol "protected: static class wxAppConsole * (__cdecl* wxAppConsoleBase::ms_appInitFn)(void)" (?ms_appInitFn@wxAppConsoleBase@@1P6APEAVwxAppConsole@@XZEA)
Main.obj : error LNK2001: unresolved external symbol "class wxSize const wxDefaultSize" (?wxDefaultSize@@3VwxSize@@B)
Main.obj : error LNK2001: unresolved external symbol "bool wxTrapInAssert" (?wxTrapInAssert@@3_NA)
Main.obj : error LNK2001: unresolved external symbol "wchar_t const * const wxEmptyString" (?wxEmptyString@@3PEB_WEB)
Main.obj : error LNK2001: unresolved external symbol "private: static bool wxLog::ms_doLog" (?ms_doLog@wxLog@@0_NA)
Main.obj : error LNK2001: unresolved external symbol "char const * const wxStatusLineNameStr" (?wxStatusLineNameStr@@3QBDB)
Main.obj : error LNK2001: unresolved external symbol "private: static unsigned long wxThread::ms_idMainThread" (?ms_idMainThread@wxThread@@0KA)
Main.obj : error LNK2001: unresolved external symbol "private: static unsigned long wxLog::ms_logLevel" (?ms_logLevel@wxLog@@0KA)
Main.obj : error LNK2001: unresolved external symbol "class wxPoint const wxDefaultPosition" (?wxDefaultPosition@@3VwxPoint@@B)
D:\irrlicht\IrrLichtProj5\x64\Release\IrrLichtProj5.exe : fatal error LNK1120: 18 unresolved externals
